- Device platform: arm64-v8a
- Copying image to cache
2026+0 records in
2026+0 records out
2074624 bytes (1.9 M) copied, 0.009992 s, 198 M/s
1381+1 records in
1381+1 records out
1415016 bytes (1.3 M) copied, 0.007431 s, 182 M/s
Parsing boot image: [/data/user_de/0/com.topjohnwu.magisk/install/boot.img]
- Unpacking boot image
HEADER_VER      [2]
KERNEL_SZ       [9650715]
RAMDISK_SZ      [796975]
SECOND_SZ       [0]
RECOV_DTBO_SZ   [0]
DTB_SZ          [108943]
OS_VERSION      [10.0.0]
OS_PATCH_LEVEL  [2020-06]
PAGESIZE        [2048]
NAME            []
CMDLINE         [bootopt=64S3,32N2,64N2 buildvariant=user]
CHECKSUM        [b47b72360553dbb21ca4571ecf3778809f851fc7000000000000000000000000]
KERNEL_DTB      [108879]
KERNEL_FMT      [gzip]
RAMDISK_FMT     [gzip]
EXTRA_FMT       [raw]
Loading cpio: [ramdisk.cpio]
- Checking ramdisk status
- Stock boot image detected
- Patching ramdisk
Loading cpio: [ramdisk.cpio]
Add entry [init] (0750)
Patch with flag KEEPVERITY=[false] KEEPFORCEENCRYPT=[false]
Found fstab file [fstab.mt6768]
Remove pattern [,avb=vbmeta_system]
Remove pattern [,avb_keys=/avb/q-gsi.avbpubkey:/avb/r-gsi.avbpubkey:/avb/s-gsi.avbpubkey]
Remove pattern [,avb]
Remove pattern [,avb]
Remove pattern [,avb=vbmeta]
Remove pattern [fileencryption]
Remove [verity_key]
Loading cpio: [ramdisk.cpio.orig]
Backup mismatch entry: [fstab.mt6768] -> [.backup/fstab.mt6768]
Backup mismatch entry: [init] -> [.backup/init]
Backup missing entry: [verity_key] -> [.backup/verity_key]
Create directory [.backup] (0000)
Add entry [.backup/.magisk] (0000)
Dump cpio: [ramdisk.cpio]
Loading dtbs from [dtb]
Loading dtb.0000

Loading dtbs from [kernel_dtb]
Loading dtb.0000

Patch @ 014322C0 [736B69705F696E697472616D667300]->[77616E745F696E697472616D667300]
- Repacking boot image
Parsing boot image: [/data/user_de/0/com.topjohnwu.magisk/install/boot.img]
HEADER_VER      [2]
KERNEL_SZ       [9650715]
RAMDISK_SZ      [796975]
SECOND_SZ       [0]
RECOV_DTBO_SZ   [0]
DTB_SZ          [108943]
OS_VERSION      [10.0.0]
OS_PATCH_LEVEL  [2020-06]
PAGESIZE        [2048]
NAME            []
CMDLINE         [bootopt=64S3,32N2,64N2 buildvariant=user]
CHECKSUM        [b47b72360553dbb21ca4571ecf3778809f851fc7000000000000000000000000]
KERNEL_DTB      [108879]
KERNEL_FMT      [gzip]
RAMDISK_FMT     [gzip]
EXTRA_FMT       [raw]
Repack to boot image: [new-boot.img]
HEADER_VER      [2]
KERNEL_SZ       [9656664]
RAMDISK_SZ      [1086178]
SECOND_SZ       [0]
RECOV_DTBO_SZ   [0]
DTB_SZ          [108943]
OS_VERSION      [10.0.0]
OS_PATCH_LEVEL  [2020-06]
PAGESIZE        [2048]
NAME            []
CMDLINE         [bootopt=64S3,32N2,64N2 buildvariant=user]
CHECKSUM        [1c2e03a711ffb87b2aaa7de9f0877830a1497889000000000000000000000000]

****************************
 Output file is placed in 
 /storage/emulated/0/Download/magisk_patched.img 
****************************
- All done!
